#
# A fatal error has been detected by the Java Runtime Environment:
#
#  EXCEPTION_ACCESS_VIOLATION (0xc0000005) at pc=0xffffffffa4315120, pid=20648, tid=0x00000000000035a4
#
# JRE version: Java(TM) SE Runtime Environment (8.0_111-b14) (build 1.8.0_111-b14)
# Java VM: Java HotSpot(TM) 64-Bit Server VM (25.111-b14 mixed mode windows-amd64 compressed oops)
# Problematic frame:
# C  0xffffffffa4315120
#
# Failed to write core dump. Minidumps are not enabled by default on client versions of Windows
#
# If you would like to submit a bug report, please visit:
#   http://bugreport.java.com/bugreport/crash.jsp
#

---------------  T H R E A D  ---------------

Current thread (0x00000000171ae800):  JavaThread "AWT-EventQueue-0" [_thread_in_Java, id=13732, stack(0x0000000018780000,0x0000000018880000)]

siginfo: ExceptionCode=0xc0000005, ExceptionInformation=0x0000000000000008 0xffffffffa4315120

Registers:
RAX=0x0000000000000001, RBX=0x0000000000000001, RCX=0x00000000155fc188, RDX=0x0000000003317e20
RSP=0x000000001887c9c8, RBP=0x000000001887cb28, RSI=0x0000000019a04878, RDI=0x0000000000003838
R8 =0x0000000000000001, R9 =0x00000000eb4e28f8, R10=0x000000006d6dc0c0, R11=0x000000000360cc40
R12=0x0000000000000000, R13=0x000000001887cae8, R14=0x000000001887cb38, R15=0x00000000171ae800
RIP=0xffffffffa4315120, EFLAGS=0x0000000000010202

Top of Stack: (sp=0x000000001887c9c8)
0x000000001887c9c8:   00000000035fcdbc 00000000eb1a19f0
0x000000001887c9d8:   0000000003618e40 000000001887cab0
0x000000001887c9e8:   000000001887ca50 0000000000000000
0x000000001887c9f8:   000000006d05d023 000000001887ca90
0x000000001887ca08:   00000000eb4e6728 00000000171ae800
0x000000001887ca18:   0000000003638a44 000000001887ca98
0x000000001887ca28:   0000000003317e20 000000001887ca98
0x000000001887ca38:   0000000003317870 000000001887cb28
0x000000001887ca48:   000000000360634c 0000000000000000
0x000000001887ca58:   000000001887ca58 00000000154c6c85
0x000000001887ca68:   000000001887cac0 0000000000000001
0x000000001887ca78:   00000000eb011fc8 00000000154c6ca0
0x000000001887ca88:   0000000000000000 000000001887cb28
0x000000001887ca98:   000000000360cc9c 00000000035f8290
0x000000001887caa8:   00000000ffffffff 00000000eb75ee80
0x000000001887cab8:   00000000eb75ee80 00000000eafa6b38 

Instructions: (pc=0xffffffffa4315120)
0xffffffffa4315100:   
[error occurred during error reporting (printing registers, top of stack, instructions near pc), id 0xc0000005]

Register to memory mapping:

RAX=0x0000000000000001 is an unknown value
RBX=0x0000000000000001 is an unknown value
RCX=0x00000000155fc188 is pointing into metadata
RDX=0x0000000003317e20 is at code_begin+1664 in an Interpreter codelet
invoke return entry points  [0x00000000033177a0, 0x0000000003318180]  2528 bytes
RSP=0x000000001887c9c8 is pointing into the stack for thread: 0x00000000171ae800
RBP=0x000000001887cb28 is pointing into the stack for thread: 0x00000000171ae800
RSI=0x0000000019a04878 is pointing into metadata
RDI=0x0000000000003838 is an unknown value
R8 =0x0000000000000001 is an unknown value
R9 =0x00000000eb4e28f8 is an oop
de.javasoft.plaf.synthetica.SyntheticaStyleFactory 
 - klass: 'de/javasoft/plaf/synthetica/SyntheticaStyleFactory'
R10=0x000000006d6dc0c0 is an unknown value
R11=0x000000000360cc40 is at entry_point+0 in (nmethod*)0x000000000360cad0
R12=0x0000000000000000 is an unknown value
R13=0x000000001887cae8 is pointing into the stack for thread: 0x00000000171ae800
R14=0x000000001887cb38 is pointing into the stack for thread: 0x00000000171ae800
R15=0x00000000171ae800 is a thread


Stack: [0x0000000018780000,0x0000000018880000],  sp=0x000000001887c9c8,  free space=1010k
Native frames: (J=compiled Java code, j=interpreted, Vv=VM code, C=native code)
C  0xffffffffa4315120


---------------  P R O C E S S  ---------------

Java Threads: ( => current thread )
  0x00000000171b0000 JavaThread "Image Fetcher 0" daemon [_thread_blocked, id=18956, stack(0x000000001b7d0000,0x000000001b8d0000)]
  0x00000000171b4800 JavaThread "SyntheticaCleanerThread" daemon [_thread_blocked, id=1968, stack(0x0000000019a60000,0x0000000019b60000)]
  0x00000000171b1800 JavaThread "DestroyJavaVM" [_thread_blocked, id=10152, stack(0x0000000001490000,0x0000000001590000)]
=>0x00000000171ae800 JavaThread "AWT-EventQueue-0" [_thread_in_Java, id=13732, stack(0x0000000018780000,0x0000000018880000)]
  0x00000000171af800 JavaThread "AWT-Windows" daemon [_thread_in_native, id=8756, stack(0x0000000018510000,0x0000000018610000)]
  0x00000000171ae000 JavaThread "AWT-Shutdown" [_thread_blocked, id=14172, stack(0x0000000018410000,0x0000000018510000)]
  0x00000000171b3000 JavaThread "Java2D Disposer" daemon [_thread_blocked, id=14740, stack(0x0000000018310000,0x0000000018410000)]
  0x0000000017003800 JavaThread "Service Thread" daemon [_thread_blocked, id=16152, stack(0x0000000017570000,0x0000000017670000)]
  0x0000000016f81000 JavaThread "C1 CompilerThread2" daemon [_thread_blocked, id=9604, stack(0x0000000017470000,0x0000000017570000)]
  0x0000000016f71000 JavaThread "C2 CompilerThread1" daemon [_thread_blocked, id=20488, stack(0x0000000017370000,0x0000000017470000)]
  0x00000000158dd800 JavaThread "C2 CompilerThread0" daemon [_thread_blocked, id=15544, stack(0x0000000016e70000,0x0000000016f70000)]
  0x00000000158dc800 JavaThread "Attach Listener" daemon [_thread_blocked, id=13316, stack(0x0000000016d70000,0x0000000016e70000)]
  0x000000001588f000 JavaThread "Signal Dispatcher" daemon [_thread_blocked, id=14508, stack(0x0000000016c70000,0x0000000016d70000)]
  0x0000000002dbe800 JavaThread "Finalizer" daemon [_thread_blocked, id=11244, stack(0x0000000016af0000,0x0000000016bf0000)]
  0x0000000002db3000 JavaThread "Reference Handler" daemon [_thread_blocked, id=13428, stack(0x00000000169f0000,0x0000000016af0000)]

Other Threads:
  0x0000000015847800 VMThread [stack: 0x00000000168f0000,0x00000000169f0000] [id=8200]
  0x000000001703c800 WatcherThread [stack: 0x0000000017670000,0x0000000017770000] [id=16796]

VM state:not at safepoint (normal execution)

VM Mutex/Monitor currently owned by a thread: None

Heap:
 PSYoungGen      total 18944K, used 12912K [0x00000000eab00000, 0x00000000ec000000, 0x0000000100000000)
  eden space 16384K, 78% used [0x00000000eab00000,0x00000000eb79c0b8,0x00000000ebb00000)
  from space 2560K, 0% used [0x00000000ebd80000,0x00000000ebd80000,0x00000000ec000000)
  to   space 2560K, 0% used [0x00000000ebb00000,0x00000000ebb00000,0x00000000ebd80000)
 ParOldGen       total 44032K, used 0K [0x00000000c0000000, 0x00000000c2b00000, 0x00000000eab00000)
  object space 44032K, 0% used [0x00000000c0000000,0x00000000c0000000,0x00000000c2b00000)
 Metaspace       used 14070K, capacity 14244K, committed 14592K, reserved 1062912K
  class space    used 1896K, capacity 1974K, committed 2048K, reserved 1048576K

Card table byte_map: [0x00000000126d0000,0x00000000128e0000] byte_map_base: 0x00000000120d0000

Marking Bits: (ParMarkBitMap*) 0x000000006d6fa6c0
 Begin Bits: [0x0000000012ce0000, 0x0000000013ce0000)
 End Bits:   [0x0000000013ce0000, 0x0000000014ce0000)

Polling page: 0x0000000000f90000

CodeCache: size=245760Kb used=3293Kb max_used=3302Kb free=242466Kb
 bounds [0x0000000003310000, 0x0000000003650000, 0x0000000012310000]
 total_blobs=1284 nmethods=821 adapters=378
 compilation: enabled

Compilation events (10 events):
Event: 1.348 Thread 0x0000000016f81000 nmethod 817 0x0000000003647350 code [0x0000000003647500, 0x0000000003647cd8]
Event: 1.348 Thread 0x0000000016f81000  818       3       java.lang.Boolean::valueOf (14 bytes)
Event: 1.349 Thread 0x0000000016f81000 nmethod 818 0x0000000003647f10 code [0x0000000003648060, 0x00000000036481f0]
Event: 1.349 Thread 0x0000000016f81000  819       3       javax.swing.JComponent::firePropertyChange (8 bytes)
Event: 1.349 Thread 0x0000000016f81000 nmethod 819 0x0000000003648250 code [0x00000000036483e0, 0x0000000003648968]
Event: 1.349 Thread 0x0000000016f81000  821       3       sun.swing.plaf.synth.DefaultSynthStyle::getDefaultValue (7 bytes)
Event: 1.349 Thread 0x0000000016f71000 nmethod 820 0x000000000364b810 code [0x000000000364b940, 0x000000000364b9d8]
Event: 1.349 Thread 0x0000000016f81000 nmethod 821 0x000000000364b3d0 code [0x000000000364b540, 0x000000000364b728]
Event: 1.349 Thread 0x0000000016f81000  822       3       javax.swing.plaf.synth.SynthStyle::get (5 bytes)
Event: 1.349 Thread 0x0000000016f81000 nmethod 822 0x000000000364b050 code [0x000000000364b1c0, 0x000000000364b348]

GC Heap History (0 events):
No events

Deoptimization events (10 events):
Event: 0.948 Thread 0x00000000171ae800 Uncommon trap: reason=class_check action=maybe_recompile pc=0x00000000035d0ec0 method=java.util.HashMap.getNode(ILjava/lang/Object;)Ljava/util/HashMap$Node; @ 126
Event: 0.955 Thread 0x00000000171ae800 Uncommon trap: reason=class_check action=maybe_recompile pc=0x00000000035d0ec0 method=java.util.HashMap.getNode(ILjava/lang/Object;)Ljava/util/HashMap$Node; @ 126
Event: 0.955 Thread 0x00000000171ae800 Uncommon trap: reason=class_check action=maybe_recompile pc=0x00000000035d0ec0 method=java.util.HashMap.getNode(ILjava/lang/Object;)Ljava/util/HashMap$Node; @ 126
Event: 0.973 Thread 0x00000000171ae800 Uncommon trap: reason=class_check action=maybe_recompile pc=0x00000000035d0ec0 method=java.util.HashMap.getNode(ILjava/lang/Object;)Ljava/util/HashMap$Node; @ 126
Event: 1.006 Thread 0x00000000171ae800 Uncommon trap: reason=class_check action=maybe_recompile pc=0x0000000003482ddc method=java.lang.String.equals(Ljava/lang/Object;)Z @ 8
Event: 1.006 Thread 0x00000000171ae800 Uncommon trap: reason=class_check action=maybe_recompile pc=0x0000000003482ddc method=java.lang.String.equals(Ljava/lang/Object;)Z @ 8
Event: 1.006 Thread 0x00000000171ae800 Uncommon trap: reason=class_check action=maybe_recompile pc=0x0000000003482ddc method=java.lang.String.equals(Ljava/lang/Object;)Z @ 8
Event: 1.006 Thread 0x00000000171ae800 Uncommon trap: reason=class_check action=maybe_recompile pc=0x0000000003482ddc method=java.lang.String.equals(Ljava/lang/Object;)Z @ 8
Event: 1.299 Thread 0x00000000171ae800 Uncommon trap: reason=unstable_if action=reinterpret pc=0x00000000035b0c38 method=java.lang.AbstractStringBuilder.append(Ljava/lang/String;)Ljava/lang/AbstractStringBuilder; @ 1
Event: 1.299 Thread 0x00000000171ae800 Uncommon trap: reason=unstable_if action=reinterpret pc=0x0000000003612904 method=java.lang.AbstractStringBuilder.append(Ljava/lang/String;)Ljava/lang/AbstractStringBuilder; @ 1

Internal exceptions (10 events):
Event: 0.192 Thread 0x000000000330d800 Exception <a 'java/security/PrivilegedActionException'> (0x00000000eabf0d98) thrown at [C:\re\workspace\8-2-build-windows-amd64-cygwin\jdk8u111\7883\hotspot\src\share\vm\prims\jvm.cpp, line 1386]
Event: 0.192 Thread 0x000000000330d800 Exception <a 'java/security/PrivilegedActionException'> (0x00000000eabf0fa8) thrown at [C:\re\workspace\8-2-build-windows-amd64-cygwin\jdk8u111\7883\hotspot\src\share\vm\prims\jvm.cpp, line 1386]
Event: 0.200 Thread 0x000000000330d800 Exception <a 'java/io/FileNotFoundException'> (0x00000000eabf3e48) thrown at [C:\re\workspace\8-2-build-windows-amd64-cygwin\jdk8u111\7883\hotspot\src\share\vm\prims\jni.cpp, line 709]
Event: 0.248 Thread 0x000000000330d800 Exception <a 'java/lang/NoSuchFieldError': method resolution failed> (0x00000000ead14fe8) thrown at [C:\re\workspace\8-2-build-windows-amd64-cygwin\jdk8u111\7883\hotspot\src\share\vm\prims\methodHandles.cpp, line 1146]
Event: 0.251 Thread 0x000000000330d800 Exception <a 'java/lang/NoSuchFieldError': method resolution failed> (0x00000000ead223b8) thrown at [C:\re\workspace\8-2-build-windows-amd64-cygwin\jdk8u111\7883\hotspot\src\share\vm\prims\methodHandles.cpp, line 1146]
Event: 0.539 Thread 0x00000000171ae800 Exception <a 'java/io/FileNotFoundException'> (0x00000000eb064128) thrown at [C:\re\workspace\8-2-build-windows-amd64-cygwin\jdk8u111\7883\hotspot\src\share\vm\prims\jni.cpp, line 709]
Event: 1.083 Thread 0x00000000171ae800 Exception <a 'java/io/FileNotFoundException'> (0x00000000eb662738) thrown at [C:\re\workspace\8-2-build-windows-amd64-cygwin\jdk8u111\7883\hotspot\src\share\vm\prims\jni.cpp, line 709]
Event: 1.083 Thread 0x00000000171ae800 Exception <a 'java/lang/NullPointerException'> (0x00000000eb662fc8) thrown at [C:\re\workspace\8-2-build-windows-amd64-cygwin\jdk8u111\7883\hotspot\src\share\vm\interpreter\linkResolver.cpp, line 1178]
Event: 1.299 Thread 0x00000000171ae800 Implicit null exception at 0x00000000035b0896 to 0x00000000035b0c21
Event: 1.299 Thread 0x00000000171ae800 Implicit null exception at 0x0000000003612556 to 0x00000000036128ed

Events (10 events):
Event: 1.343 loading class javax/swing/plaf/InternalFrameUI
Event: 1.344 loading class javax/swing/plaf/InternalFrameUI done
Event: 1.344 loading class javax/swing/plaf/basic/BasicInternalFrameUI done
Event: 1.344 loading class javax/swing/plaf/synth/SynthInternalFrameUI done
Event: 1.344 loading class javax/swing/plaf/basic/BasicInternalFrameUI$Handler
Event: 1.344 loading class javax/swing/event/InternalFrameListener
Event: 1.344 loading class javax/swing/event/InternalFrameListener done
Event: 1.344 loading class javax/swing/plaf/basic/BasicInternalFrameUI$Handler done
Event: 1.346 loading class javax/swing/plaf/basic/BasicInternalFrameUI$BorderListener
Event: 1.347 loading class javax/swing/plaf/basic/BasicInternalFrameUI$BorderListener done


Dynamic libraries:
0x00007ff6b8a10000 - 0x00007ff6b8a47000 	C:\Program Files\Java\jdk1.8.0_111\bin\java.exe
0x00007ffdfd7c0000 - 0x00007ffdfd991000 	C:\Windows\SYSTEM32\ntdll.dll
0x00007ffdfcef0000 - 0x00007ffdfcf9b000 	C:\Windows\System32\KERNEL32.DLL
0x00007ffdf9f40000 - 0x00007ffdfa15d000 	C:\Windows\System32\KERNELBASE.dll
0x00007ffdfcfa0000 - 0x00007ffdfd042000 	C:\Windows\System32\ADVAPI32.dll
0x00007ffdfafb0000 - 0x00007ffdfb04e000 	C:\Windows\System32\msvcrt.dll
0x00007ffdfb630000 - 0x00007ffdfb689000 	C:\Windows\System32\sechost.dll
0x00007ffdfd3c0000 - 0x00007ffdfd4e1000 	C:\Windows\System32\RPCRT4.dll
0x00007ffdfd650000 - 0x00007ffdfd7b5000 	C:\Windows\System32\USER32.dll
0x00007ffdf9ed0000 - 0x00007ffdf9eee000 	C:\Windows\System32\win32u.dll
0x00007ffdfb4f0000 - 0x00007ffdfb524000 	C:\Windows\System32\GDI32.dll
0x00007ffdfa160000 - 0x00007ffdfa2e2000 	C:\Windows\System32\gdi32full.dll
0x00007ffdf3910000 - 0x00007ffdf3b8a000 	C:\Windows\WinSxS\amd64_microsoft.windows.common-controls_6595b64144ccf1df_6.0.14393.953_none_42151e83c686086b\COMCTL32.dll
0x00007ffdfb690000 - 0x00007ffdfb958000 	C:\Windows\System32\combase.dll
0x00007ffdf9cb0000 - 0x00007ffdf9da5000 	C:\Windows\System32\ucrtbase.dll
0x00007ffdf9db0000 - 0x00007ffdf9e1a000 	C:\Windows\System32\bcryptPrimitives.dll
0x00007ffdfd390000 - 0x00007ffdfd3be000 	C:\Windows\System32\IMM32.DLL
0x000000006dd60000 - 0x000000006de32000 	C:\Program Files\Java\jdk1.8.0_111\jre\bin\msvcr100.dll
0x000000006cee0000 - 0x000000006d77a000 	C:\Program Files\Java\jdk1.8.0_111\jre\bin\server\jvm.dll
0x00007ffdfd210000 - 0x00007ffdfd218000 	C:\Windows\System32\PSAPI.DLL
0x00007ffdf80d0000 - 0x00007ffdf80f3000 	C:\Windows\SYSTEM32\WINMM.dll
0x00007ffdf52b0000 - 0x00007ffdf52ba000 	C:\Windows\SYSTEM32\VERSION.dll
0x00007ffdef010000 - 0x00007ffdef019000 	C:\Windows\SYSTEM32\WSOCK32.dll
0x00007ffdf8040000 - 0x00007ffdf806b000 	C:\Windows\SYSTEM32\WINMMBASE.dll
0x00007ffdfd220000 - 0x00007ffdfd28a000 	C:\Windows\System32\WS2_32.dll
0x00007ffdf9ef0000 - 0x00007ffdf9f32000 	C:\Windows\System32\cfgmgr32.dll
0x000000006dd50000 - 0x000000006dd5f000 	C:\Program Files\Java\jdk1.8.0_111\jre\bin\verify.dll
0x000000006dd20000 - 0x000000006dd49000 	C:\Program Files\Java\jdk1.8.0_111\jre\bin\java.dll
0x000000006dd00000 - 0x000000006dd16000 	C:\Program Files\Java\jdk1.8.0_111\jre\bin\zip.dll
0x00007ffdfb9e0000 - 0x00007ffdfcee9000 	C:\Windows\System32\SHELL32.dll
0x00007ffdfa5d0000 - 0x00007ffdfacaa000 	C:\Windows\System32\windows.storage.dll
0x00007ffdf9c60000 - 0x00007ffdf9cac000 	C:\Windows\System32\powrprof.dll
0x00007ffdfae90000 - 0x00007ffdfaee2000 	C:\Windows\System32\shlwapi.dll
0x00007ffdf9c40000 - 0x00007ffdf9c4f000 	C:\Windows\System32\kernel.appcore.dll
0x00007ffdfa520000 - 0x00007ffdfa5c9000 	C:\Windows\System32\shcore.dll
0x00007ffdf9c20000 - 0x00007ffdf9c34000 	C:\Windows\System32\profapi.dll
0x000000006db10000 - 0x000000006dca8000 	C:\Program Files\Java\jdk1.8.0_111\jre\bin\awt.dll
0x00007ffdfaef0000 - 0x00007ffdfafaf000 	C:\Windows\System32\OLEAUT32.dll
0x00007ffdfacb0000 - 0x00007ffdfad4c000 	C:\Windows\System32\msvcp_win.dll
0x00007ffdf81d0000 - 0x00007ffdf824a000 	C:\Windows\SYSTEM32\apphelp.dll
0x00007ffdf83a0000 - 0x00007ffdf8435000 	C:\Windows\system32\uxtheme.dll
0x00007ffdfd4f0000 - 0x00007ffdfd64a000 	C:\Windows\System32\MSCTF.dll
0x00007ffdf7c90000 - 0x00007ffdf7cb6000 	C:\Windows\system32\dwmapi.dll
0x00007ffdfad50000 - 0x00007ffdfae87000 	C:\Windows\System32\ole32.dll
0x000000006dac0000 - 0x000000006db07000 	C:\Program Files\Java\jdk1.8.0_111\jre\bin\fontmanager.dll
0x00007ffdf26f0000 - 0x00007ffdf287d000 	C:\Windows\system32\d3d9.dll
0x00007ffdcc570000 - 0x00007ffdcd626000 	C:\Windows\SYSTEM32\nvd3dumx.dll
0x00007ffdf4e20000 - 0x00007ffdf4f8c000 	C:\Program Files (x86)\NVIDIA Corporation\3D Vision\nvSCPAPI64.dll
0x00007ffdfb0c0000 - 0x00007ffdfb4e9000 	C:\Windows\System32\SETUPAPI.dll
0x00007ffdf4800000 - 0x00007ffdf4b36000 	C:\Windows\system32\nvapi64.dll
0x00007ffdf8850000 - 0x00007ffdf8878000 	C:\Windows\SYSTEM32\DEVOBJ.dll
0x00007ffdfa4c0000 - 0x00007ffdfa515000 	C:\Windows\System32\WINTRUST.dll
0x00007ffdf9c50000 - 0x00007ffdf9c60000 	C:\Windows\System32\MSASN1.dll
0x00007ffdfa2f0000 - 0x00007ffdfa4b9000 	C:\Windows\System32\CRYPT32.dll
0x00007ffdf8ba0000 - 0x00007ffdf8c3f000 	C:\Windows\system32\dxgi.dll
0x000000006dce0000 - 0x000000006dcfa000 	C:\Program Files\Java\jdk1.8.0_111\jre\bin\net.dll
0x00007ffdf94f0000 - 0x00007ffdf954c000 	C:\Windows\system32\mswsock.dll
0x000000006dcc0000 - 0x000000006dcd1000 	C:\Program Files\Java\jdk1.8.0_111\jre\bin\nio.dll
0x000000006da70000 - 0x000000006dab2000 	C:\Program Files\Java\jdk1.8.0_111\jre\bin\t2k.dll
0x00007ffdeca20000 - 0x00007ffdecbb2000 	C:\Windows\SYSTEM32\dbghelp.dll

VM Arguments:
jvm_args: -Dfile.encoding=x-windows-949 -Duser.country=KR -Duser.language=ko -Duser.variant 
java_command: kr.or.dgit.erp_luuzun.MainApp
java_class_path (initial): C:\Users\LYJ\git\kr.or.dgit.erp_luuzun\build\classes\main;C:\Users\LYJ\git\kr.or.dgit.erp_luuzun\build\resources\main;C:\Users\LYJ\git\kr.or.dgit.erp_luuzun\src\main\resources\libraries\erp_myframework.jar;C:\Users\LYJ\git\kr.or.dgit.erp_luuzun\src\main\resources\lookandfeel\syntheticaAluOxide.jar;C:\Users\LYJ\git\kr.or.dgit.erp_luuzun\src\main\resources\lookandfeel\synthetica.jar;C:\Users\LYJ\.gradle\caches\modules-2\files-2.1\mysql\mysql-connector-java\5.1.41\b0878056f15616989144d6114d36d3942321d0d1\mysql-connector-java-5.1.41.jar;C:\Users\LYJ\.gradle\caches\modules-2\files-2.1\org.mybatis\mybatis\3.4.2\2b9a5082fe0bdb3128bab8b4b19b23ca0f3d9b38\mybatis-3.4.2.jar;C:\Users\LYJ\.gradle\caches\modules-2\files-2.1\junit\junit\4.12\2973d150c0dc1fefe998f834810d68f278ea58ec\junit-4.12.jar;C:\Users\LYJ\.gradle\caches\modules-2\files-2.1\log4j\log4j\1.2.17\5af35056b4d257e4b64b9e8069c0746e8b08629f\log4j-1.2.17.jar;C:\Users\LYJ\.gradle\caches\modules-2\files-2.1\org.hamcrest\hamcrest-core\1.3\42a25dc3219429f0e5d060061f71acb49bf010a0\hamcrest-core-1.3.jar
Launcher Type: SUN_STANDARD

Environment Variables:
JAVA_HOME=C:\Program Files\Java\jdk1.8.0_111\
PATH=C:/Program Files/Java/jre1.8.0_111/bin/server;C:/Program Files/Java/jre1.8.0_111/bin;C:/Program Files/Java/jre1.8.0_111/lib/amd64;C:\ProgramData\Oracle\Java\javapath;C:\Program Files (x86)\NVIDIA Corporation\PhysX\Common;C:\Windows\system32;C:\Windows;C:\Windows\System32\Wbem;C:\Windows\System32\WindowsPowerShell\v1.0\;C:\Program Files\Git\cmd;D:\gradle-3.4.1\bin;C:\Program Files\Java\jdk1.8.0_111\\bin;C:\Program Files\Java\jdk1.8.0_111\\bin;C:\Users\LYJ\AppData\Local\Microsoft\WindowsApps;C:\Program Files\Bandizip\7z;C:\Program Files\MySQL\MySQL Server 5.6\\bin;D:\eclipse;
USERNAME=LYJ
OS=Windows_NT
PROCESSOR_IDENTIFIER=Intel64 Family 6 Model 23 Stepping 10, GenuineIntel



---------------  S Y S T E M  ---------------

OS: Windows 10.0 , 64 bit Build 14393 (10.0.14393.0)

CPU:total 4 (4 cores per cpu, 1 threads per core) family 6 model 23 stepping 10, cmov, cx8, fxsr, mmx, sse, sse2, sse3, ssse3, sse4.1, tsc

Memory: 4k page, physical 4192492k(1144412k free), swap 6289644k(1466352k free)

vm_info: Java HotSpot(TM) 64-Bit Server VM (25.111-b14) for windows-amd64 JRE (1.8.0_111-b14), built on Sep 22 2016 19:24:05 by "java_re" with MS VC++ 10.0 (VS2010)

time: Fri Mar 31 10:53:33 2017
elapsed time: 1 seconds (0d 0h 0m 1s)

