#
# A fatal error has been detected by the Java Runtime Environment:
#
#  EXCEPTION_ACCESS_VIOLATION (0xc0000005) at pc=0xffffffffa3865120, pid=8016, tid=0x0000000000001088
#
# JRE version: Java(TM) SE Runtime Environment (8.0_111-b14) (build 1.8.0_111-b14)
# Java VM: Java HotSpot(TM) 64-Bit Server VM (25.111-b14 mixed mode windows-amd64 compressed oops)
# Problematic frame:
# C  0xffffffffa3865120
#
# Failed to write core dump. Minidumps are not enabled by default on client versions of Windows
#
# If you would like to submit a bug report, please visit:
#   http://bugreport.java.com/bugreport/crash.jsp
#

---------------  T H R E A D  ---------------

Current thread (0x0000000002760800):  JavaThread "main" [_thread_in_Java, id=4232, stack(0x0000000002660000,0x0000000002760000)]

siginfo: ExceptionCode=0xc0000005, ExceptionInformation=0x0000000000000008 0xffffffffa3865120

Registers:
RAX=0x00000000148912c8, RBX=0x00000000148e3e38, RCX=0x00000000eab9da20, RDX=0x00000000eab9da20
RSP=0x000000000275cc88, RBP=0x000000000275cf40, RSI=0x00000000148912c8, RDI=0x000000000000182d
R8 =0x0000000000000006, R9 =0x0000000000000006, R10=0x00000001000339f8, R11=0x0000000000003a60
R12=0x0000000000000000, R13=0x000000000000003e, R14=0x000000000275cfe8, R15=0x0000000002760800
RIP=0xffffffffa3865120, EFLAGS=0x0000000000010206

Top of Stack: (sp=0x000000000275cc88)
0x000000000275cc88:   0000000002988774 000000000275cca8
0x000000000275cc98:   00000000eacae180 00000000eb5a23a8
0x000000000275cca8:   00000000eb5a2428 0000000000000001
0x000000000275ccb8:   00000000eb5a2428 000000000275cf40
0x000000000275ccc8:   00000000029a3d9a 000000000275cd38
0x000000000275ccd8:   0000000014c18588 0000000002867e20
0x000000000275cce8:   0000000002867e20 00000000eb5a2428
0x000000000275ccf8:   00000000eaba4080 00000000eb5a2b50
0x000000000275cd08:   0000000000000000 000000001476cba0
0x000000000275cd18:   0000000000000001 00000000eab9da20
0x000000000275cd28:   0000000000000000 000000000275cf40
0x000000000275cd38:   00000000029d840c 0000000002867e20
0x000000000275cd48:   00007ffc373e0800 000000000275ce80
0x000000000275cd58:   00000000145a5208 00000000eab9da20
0x000000000275cd68:   00000000eb5a2b50 0000000600000000
0x000000000275cd78:   0000000000000000 00008853601dbbed 

Instructions: (pc=0xffffffffa3865120)
0xffffffffa3865100:   
[error occurred during error reporting (printing registers, top of stack, instructions near pc), id 0xc0000005]

Register to memory mapping:

RAX=0x00000000148912c8 is pointing into metadata
RBX=0x00000000148e3e38 is pointing into metadata
RCX=0x00000000eab9da20 is an oop
sun.misc.URLClassPath 
 - klass: 'sun/misc/URLClassPath'
RDX=0x00000000eab9da20 is an oop
sun.misc.URLClassPath 
 - klass: 'sun/misc/URLClassPath'
RSP=0x000000000275cc88 is pointing into the stack for thread: 0x0000000002760800
RBP=0x000000000275cf40 is pointing into the stack for thread: 0x0000000002760800
RSI=0x00000000148912c8 is pointing into metadata
RDI=0x000000000000182d is an unknown value
R8 =0x0000000000000006 is an unknown value
R9 =0x0000000000000006 is an unknown value
R10=0x00000001000339f8 is pointing into metadata
R11=0x0000000000003a60 is an unknown value
R12=0x0000000000000000 is an unknown value
R13=0x000000000000003e is an unknown value
R14=0x000000000275cfe8 is pointing into the stack for thread: 0x0000000002760800
R15=0x0000000002760800 is a thread


Stack: [0x0000000002660000,0x0000000002760000],  sp=0x000000000275cc88,  free space=1011k
Native frames: (J=compiled Java code, j=interpreted, Vv=VM code, C=native code)
C  0xffffffffa3865120


---------------  P R O C E S S  ---------------

Java Threads: ( => current thread )
  0x000000001632d000 JavaThread "Service Thread" daemon [_thread_blocked, id=6588, stack(0x0000000016c50000,0x0000000016d50000)]
  0x00000000162ad000 JavaThread "C1 CompilerThread2" daemon [_thread_blocked, id=5400, stack(0x0000000016b50000,0x0000000016c50000)]
  0x00000000162a8000 JavaThread "C2 CompilerThread1" daemon [_thread_blocked, id=7508, stack(0x0000000016a50000,0x0000000016b50000)]
  0x0000000014f8d800 JavaThread "C2 CompilerThread0" daemon [_thread_blocked, id=3524, stack(0x0000000016950000,0x0000000016a50000)]
  0x0000000014f8c000 JavaThread "Attach Listener" daemon [_thread_blocked, id=3480, stack(0x0000000016850000,0x0000000016950000)]
  0x0000000014f3d000 JavaThread "Signal Dispatcher" daemon [_thread_blocked, id=7524, stack(0x0000000016750000,0x0000000016850000)]
  0x000000000285a800 JavaThread "Finalizer" daemon [_thread_blocked, id=3520, stack(0x0000000016180000,0x0000000016280000)]
  0x0000000014ef9000 JavaThread "Reference Handler" daemon [_thread_blocked, id=8228, stack(0x0000000016080000,0x0000000016180000)]
=>0x0000000002760800 JavaThread "main" [_thread_in_Java, id=4232, stack(0x0000000002660000,0x0000000002760000)]

Other Threads:
  0x0000000014ef7800 VMThread [stack: 0x0000000015f80000,0x0000000016080000] [id=7856]
  0x0000000016371000 WatcherThread [stack: 0x0000000016d50000,0x0000000016e50000] [id=4072]

VM state:not at safepoint (normal execution)

VM Mutex/Monitor currently owned by a thread: None

Heap:
 PSYoungGen      total 18944K, used 11185K [0x00000000eab00000, 0x00000000ec000000, 0x0000000100000000)
  eden space 16384K, 68% used [0x00000000eab00000,0x00000000eb5ec768,0x00000000ebb00000)
  from space 2560K, 0% used [0x00000000ebd80000,0x00000000ebd80000,0x00000000ec000000)
  to   space 2560K, 0% used [0x00000000ebb00000,0x00000000ebb00000,0x00000000ebd80000)
 ParOldGen       total 44032K, used 0K [0x00000000c0000000, 0x00000000c2b00000, 0x00000000eab00000)
  object space 44032K, 0% used [0x00000000c0000000,0x00000000c0000000,0x00000000c2b00000)
 Metaspace       used 7514K, capacity 7816K, committed 8064K, reserved 1056768K
  class space    used 957K, capacity 1068K, committed 1152K, reserved 1048576K

Card table byte_map: [0x0000000011c20000,0x0000000011e30000] byte_map_base: 0x0000000011620000

Marking Bits: (ParMarkBitMap*) 0x000000007262a6c0
 Begin Bits: [0x0000000012390000, 0x0000000013390000)
 End Bits:   [0x0000000013390000, 0x0000000014390000)

Polling page: 0x00000000006a0000

CodeCache: size=245760Kb used=2300Kb max_used=2317Kb free=243459Kb
 bounds [0x0000000002860000, 0x0000000002ad0000, 0x0000000011860000]
 total_blobs=855 nmethods=547 adapters=223
 compilation: enabled

Compilation events (10 events):
Event: 0.661 Thread 0x00000000162ad000 nmethod 542 0x0000000002a95710 code [0x0000000002a95900, 0x0000000002a96438]
Event: 0.661 Thread 0x00000000162ad000  543   !   3       java.util.zip.ZipFile::getInflater (56 bytes)
Event: 0.662 Thread 0x00000000162ad000 nmethod 543 0x0000000002a96a50 code [0x0000000002a96c40, 0x0000000002a97838]
Event: 0.662 Thread 0x00000000162ad000  544       3       java.util.ArrayDeque::poll (5 bytes)
Event: 0.662 Thread 0x00000000162ad000 nmethod 544 0x0000000002a97e90 code [0x0000000002a98000, 0x0000000002a981a8]
Event: 0.662 Thread 0x00000000162ad000  545       3       java.util.ArrayDeque::pollFirst (42 bytes)
Event: 0.663 Thread 0x00000000162ad000 nmethod 545 0x0000000002a98250 code [0x0000000002a983c0, 0x0000000002a986f0]
Event: 0.663 Thread 0x00000000162ad000  546       3       java.util.zip.ZipFile$ZipFileInflaterInputStream::<init> (29 bytes)
Event: 0.663 Thread 0x00000000162ad000 nmethod 546 0x0000000002a98850 code [0x0000000002a989c0, 0x0000000002a98ba8]
Event: 0.672 Thread 0x0000000014f8d800 nmethod 514 0x0000000002a9d010 code [0x0000000002a9d260, 0x0000000002a9e9d0]

GC Heap History (0 events):
No events

Deoptimization events (3 events):
Event: 0.426 Thread 0x0000000002760800 Uncommon trap: reason=unstable_if action=reinterpret pc=0x00000000029b9b10 method=java.lang.String.startsWith(Ljava/lang/String;I)Z @ 25
Event: 0.434 Thread 0x0000000002760800 Uncommon trap: reason=null_check action=make_not_entrant pc=0x00000000029f0838 method=java.lang.String.equals(Ljava/lang/Object;)Z @ 8
Event: 0.600 Thread 0x0000000002760800 Uncommon trap: reason=unstable_if action=reinterpret pc=0x0000000002a6a870 method=sun.misc.MetaIndex.mayContain(Ljava/lang/String;)Z @ 38

Internal exceptions (10 events):
Event: 0.356 Thread 0x0000000002760800 Exception <a 'java/security/PrivilegedActionException'> (0x00000000eafe23a0) thrown at [C:\re\workspace\8-2-build-windows-amd64-cygwin\jdk8u111\7883\hotspot\src\share\vm\prims\jvm.cpp, line 1386]
Event: 0.420 Thread 0x0000000002760800 Exception <a 'java/security/PrivilegedActionException'> (0x00000000eb0f0e48) thrown at [C:\re\workspace\8-2-build-windows-amd64-cygwin\jdk8u111\7883\hotspot\src\share\vm\prims\jvm.cpp, line 1386]
Event: 0.420 Thread 0x0000000002760800 Exception <a 'java/security/PrivilegedActionException'> (0x00000000eb0f1240) thrown at [C:\re\workspace\8-2-build-windows-amd64-cygwin\jdk8u111\7883\hotspot\src\share\vm\prims\jvm.cpp, line 1386]
Event: 0.434 Thread 0x0000000002760800 Implicit null exception at 0x00000000029f0662 to 0x00000000029f0829
Event: 0.508 Thread 0x0000000002760800 Exception <a 'java/lang/NoSuchFieldError': method resolution failed> (0x00000000eb244ac0) thrown at [C:\re\workspace\8-2-build-windows-amd64-cygwin\jdk8u111\7883\hotspot\src\share\vm\prims\methodHandles.cpp, line 1146]
Event: 0.511 Thread 0x0000000002760800 Exception <a 'java/lang/NoSuchFieldError': method resolution failed> (0x00000000eb251e90) thrown at [C:\re\workspace\8-2-build-windows-amd64-cygwin\jdk8u111\7883\hotspot\src\share\vm\prims\methodHandles.cpp, line 1146]
Event: 0.567 Thread 0x0000000002760800 Exception <a 'java/lang/NoSuchMethodError': <clinit>> (0x00000000eb356068) thrown at [C:\re\workspace\8-2-build-windows-amd64-cygwin\jdk8u111\7883\hotspot\src\share\vm\prims\jni.cpp, line 1613]
Event: 0.568 Thread 0x0000000002760800 Exception <a 'java/lang/NoSuchMethodError': <clinit>> (0x00000000eb35fb50) thrown at [C:\re\workspace\8-2-build-windows-amd64-cygwin\jdk8u111\7883\hotspot\src\share\vm\prims\jni.cpp, line 1613]
Event: 0.620 Thread 0x0000000002760800 Exception <a 'java/lang/ArrayIndexOutOfBoundsException'> (0x00000000eb4952a0) thrown at [C:\re\workspace\8-2-build-windows-amd64-cygwin\jdk8u111\7883\hotspot\src\share\vm\runtime\sharedRuntime.cpp, line 605]
Event: 0.620 Thread 0x0000000002760800 Exception <a 'java/lang/ArrayIndexOutOfBoundsException'> (0x00000000eb495ef0) thrown at [C:\re\workspace\8-2-build-windows-amd64-cygwin\jdk8u111\7883\hotspot\src\share\vm\runtime\sharedRuntime.cpp, line 605]

Events (10 events):
Event: 0.670 loading class org/gradle/internal/serialize/BaseSerializerFactory$EnumSerializer
Event: 0.670 loading class org/gradle/internal/serialize/BaseSerializerFactory$EnumSerializer done
Event: 0.671 loading class org/gradle/api/internal/tasks/testing/DefaultTestOutputEvent
Event: 0.671 loading class org/gradle/api/internal/tasks/testing/DefaultTestOutputEvent done
Event: 0.671 loading class org/gradle/api/tasks/testing/TestOutputEvent
Event: 0.671 loading class org/gradle/api/tasks/testing/TestOutputEvent done
Event: 0.671 loading class org/gradle/api/internal/tasks/testing/worker/TestEventSerializer$DefaultTestOutputEventSerializer
Event: 0.672 loading class org/gradle/api/internal/tasks/testing/worker/TestEventSerializer$DefaultTestOutputEventSerializer done
Event: 0.672 loading class org/gradle/api/tasks/testing/TestOutputEvent$Destination
Event: 0.672 loading class org/gradle/api/tasks/testing/TestOutputEvent$Destination done


Dynamic libraries:
0x00007ff70f2c0000 - 0x00007ff70f2f7000 	C:\Program Files\Java\jdk1.8.0_111\bin\java.exe
0x00007ffc37380000 - 0x00007ffc37551000 	C:\Windows\SYSTEM32\ntdll.dll
0x00007ffc37100000 - 0x00007ffc371ab000 	C:\Windows\System32\KERNEL32.DLL
0x00007ffc346f0000 - 0x00007ffc3490d000 	C:\Windows\System32\KERNELBASE.dll
0x00007ffc34a90000 - 0x00007ffc34b32000 	C:\Windows\System32\ADVAPI32.dll
0x00007ffc35060000 - 0x00007ffc350fe000 	C:\Windows\System32\msvcrt.dll
0x00007ffc34b40000 - 0x00007ffc34b99000 	C:\Windows\System32\sechost.dll
0x00007ffc37250000 - 0x00007ffc37371000 	C:\Windows\System32\RPCRT4.dll
0x00007ffc34910000 - 0x00007ffc34a75000 	C:\Windows\System32\USER32.dll
0x00007ffc34670000 - 0x00007ffc3468e000 	C:\Windows\System32\win32u.dll
0x00007ffc37210000 - 0x00007ffc37244000 	C:\Windows\System32\GDI32.dll
0x00007ffc33c00000 - 0x00007ffc33d82000 	C:\Windows\System32\gdi32full.dll
0x00007ffc2d6d0000 - 0x00007ffc2d94a000 	C:\Windows\WinSxS\amd64_microsoft.windows.common-controls_6595b64144ccf1df_6.0.14393.953_none_42151e83c686086b\COMCTL32.dll
0x00007ffc35180000 - 0x00007ffc35448000 	C:\Windows\System32\combase.dll
0x00007ffc33d90000 - 0x00007ffc33e85000 	C:\Windows\System32\ucrtbase.dll
0x00007ffc33ae0000 - 0x00007ffc33b4a000 	C:\Windows\System32\bcryptPrimitives.dll
0x00007ffc369e0000 - 0x00007ffc36a0e000 	C:\Windows\System32\IMM32.DLL
0x00000000726b0000 - 0x0000000072782000 	C:\Program Files\Java\jdk1.8.0_111\jre\bin\msvcr100.dll
0x0000000071e10000 - 0x00000000726aa000 	C:\Program Files\Java\jdk1.8.0_111\jre\bin\server\jvm.dll
0x00007ffc34a80000 - 0x00007ffc34a88000 	C:\Windows\System32\PSAPI.DLL
0x00007ffc2f3c0000 - 0x00007ffc2f3ca000 	C:\Windows\SYSTEM32\VERSION.dll
0x00007ffc1e8e0000 - 0x00007ffc1e8e9000 	C:\Windows\SYSTEM32\WSOCK32.dll
0x00007ffc31c30000 - 0x00007ffc31c53000 	C:\Windows\SYSTEM32\WINMM.dll
0x00007ffc36a10000 - 0x00007ffc36a7a000 	C:\Windows\System32\WS2_32.dll
0x0000000000c40000 - 0x0000000000c6b000 	C:\Windows\SYSTEM32\WINMMBASE.dll
0x00007ffc33e90000 - 0x00007ffc33ed2000 	C:\Windows\System32\cfgmgr32.dll
0x0000000071e00000 - 0x0000000071e0f000 	C:\Program Files\Java\jdk1.8.0_111\jre\bin\verify.dll
0x0000000071dd0000 - 0x0000000071df9000 	C:\Program Files\Java\jdk1.8.0_111\jre\bin\java.dll
0x0000000071db0000 - 0x0000000071dc6000 	C:\Program Files\Java\jdk1.8.0_111\jre\bin\zip.dll
0x00007ffc354d0000 - 0x00007ffc369d9000 	C:\Windows\System32\SHELL32.dll
0x00007ffc33ee0000 - 0x00007ffc345ba000 	C:\Windows\System32\windows.storage.dll
0x00007ffc337e0000 - 0x00007ffc3382c000 	C:\Windows\System32\powrprof.dll
0x00007ffc35000000 - 0x00007ffc35052000 	C:\Windows\System32\shlwapi.dll
0x00007ffc33860000 - 0x00007ffc3386f000 	C:\Windows\System32\kernel.appcore.dll
0x00007ffc33b50000 - 0x00007ffc33bf9000 	C:\Windows\System32\shcore.dll
0x00007ffc33840000 - 0x00007ffc33854000 	C:\Windows\System32\profapi.dll
0x0000000071d90000 - 0x0000000071daa000 	C:\Program Files\Java\jdk1.8.0_111\jre\bin\net.dll
0x00007ffc330b0000 - 0x00007ffc3310c000 	C:\Windows\system32\mswsock.dll
0x0000000071d70000 - 0x0000000071d81000 	C:\Program Files\Java\jdk1.8.0_111\jre\bin\nio.dll
0x00007ffc29a90000 - 0x00007ffc29aa2000 	C:\Users\LYJ\.gradle\native\19\windows-amd64\native-platform.dll
0x00007ffc2db10000 - 0x00007ffc2dca2000 	C:\Windows\SYSTEM32\dbghelp.dll

VM Arguments:
jvm_args: -Djava.security.manager=worker.org.gradle.process.internal.worker.child.BootstrapSecurityManager -Dfile.encoding=x-windows-949 -Duser.country=KR -Duser.language=ko -Duser.variant -ea 
java_command: worker.org.gradle.process.internal.worker.GradleWorkerMain 'Gradle Test Executor 1'
java_class_path (initial): C:\Users\LYJ\.gradle\caches\2.14.1\workerMain\gradle-worker.jar
Launcher Type: SUN_STANDARD

Environment Variables:
JAVA_HOME=C:\Program Files\Java\jdk1.8.0_111\
PATH=C:/Program Files/Java/jre1.8.0_111/bin/server;C:/Program Files/Java/jre1.8.0_111/bin;C:/Program Files/Java/jre1.8.0_111/lib/amd64;C:\ProgramData\Oracle\Java\javapath;C:\Program Files (x86)\NVIDIA Corporation\PhysX\Common;C:\Windows\system32;C:\Windows;C:\Windows\System32\Wbem;C:\Windows\System32\WindowsPowerShell\v1.0\;C:\Program Files\Git\cmd;D:\gradle-3.4.1\bin;C:\Program Files\Java\jdk1.8.0_111\\bin;C:\Program Files\Java\jdk1.8.0_111\\bin;C:\Users\LYJ\AppData\Local\Microsoft\WindowsApps;C:\Program Files\Bandizip\7z;C:\Program Files\MySQL\MySQL Server 5.6\\bin;D:\eclipse;
USERNAME=LYJ
OS=Windows_NT
PROCESSOR_IDENTIFIER=Intel64 Family 6 Model 23 Stepping 10, GenuineIntel



---------------  S Y S T E M  ---------------

OS: Windows 10.0 , 64 bit Build 14393 (10.0.14393.0)

CPU:total 4 (4 cores per cpu, 1 threads per core) family 6 model 23 stepping 10, cmov, cx8, fxsr, mmx, sse, sse2, sse3, ssse3, sse4.1, tsc

Memory: 4k page, physical 4192492k(1422556k free), swap 6682860k(2372636k free)

vm_info: Java HotSpot(TM) 64-Bit Server VM (25.111-b14) for windows-amd64 JRE (1.8.0_111-b14), built on Sep 22 2016 19:24:05 by "java_re" with MS VC++ 10.0 (VS2010)

time: Mon Apr 03 09:41:42 2017
elapsed time: 0 seconds (0d 0h 0m 0s)

